Build started 18/08/2016 12:58:40.
     1>Project "C:\Users\artem\Desktop\quickTriggered\Trigysis\Trigysis.vcxproj" on node 2 (Build target(s)).
     1>C:\Program Files (x86)\MSBuild\Microsoft.Cpp\v4.0\V120\Microsoft.CppBuild.targets(388,5): warning MSB8028: The intermediate directory (Debug\) contains files shared from another project (Trigysis.vcxproj).  This can lead to incorrect clean and rebuild behavior.
     1>ClCompile:
         C:\Program Files (x86)\Microsoft Visual Studio 12.0\VC\bin\CL.exe /c /ZI /nologo /W3 /WX- /sdl /Od /Oy- /D WIN32 /D _DEBUG /D _WINDOWS /D _MBCS /Gm /EHsc /RTC1 /MDd /GS /fp:precise /Zc:wchar_t /Zc:forScope /Fx /Fo"Debug\\" /Fd"Debug\vc120.pdb" /Gd /TP /analyze- /errorReport:prompt Turns.cpp
         Turns.cpp
       Link:
         C:\Program Files (x86)\Microsoft Visual Studio 12.0\VC\bin\link.exe /ERRORREPORT:PROMPT /OUT:"C:\Users\artem\Desktop\quickTriggered\Debug\FastTriggered.exe" /INCREMENTAL /NOLOGO d3d11.lib d3dcompiler.lib d3dx11d.lib d3dx9d.lib dxerr.lib dxguid.lib winmm.lib comctl32.lib Effects11.lib kernel32.lib user32.lib gdi32.lib winspool.lib comdlg32.lib advapi32.lib shell32.lib ole32.lib oleaut32.lib uuid.lib odbc32.lib odbccp32.lib /MANIFEST /MANIFESTUAC:"level='asInvoker' uiAccess='false'" /manifest:embed /DEBUG /PDB:"C:\Users\artem\Desktop\quickTriggered\Debug\FastTriggered.pdb" /SUBSYSTEM:WINDOWS /TLBID:1 /DYNAMICBASE /NXCOMPAT /IMPLIB:"C:\Users\artem\Desktop\quickTriggered\Debug\FastTriggered.lib" /MACHINE:X86 Debug\Application.obj
         Debug\Basic2DDraw.obj
         Debug\BasicInterface.obj
         Debug\Button.obj
         Debug\D3DAPP.obj
         Debug\BasicElement.obj
         Debug\Element.obj
         Debug\FigureB.obj
         Debug\FigureManager.obj
         Debug\Font.obj
         Debug\GameProgress.obj
         Debug\Grid.obj
         Debug\GUIFigure.obj
         Debug\Files.obj
         Debug\GUIPhysBasic.obj
         Debug\QuickTriggered.obj
         Debug\ShaderManager.obj
         Debug\Timer.obj
         Debug\Turns.obj
         Debug\Vector2d.obj
         Trigysis.vcxproj -> C:\Users\artem\Desktop\quickTriggered\Debug\FastTriggered.exe
     1>Done Building Project "C:\Users\artem\Desktop\quickTriggered\Trigysis\Trigysis.vcxproj" (Build target(s)).

Build succeeded.

Time Elapsed 00:00:00.34
